<?xml version="1.0" encoding="utf-8"?><testsuite errors="0" failures="0" name="pytest" skips="0" tests="1" time="0.008"><testcase classname="test_kagglemalware" name="test_test" time="0.000249862670898"><system-out>Hello kagglemalware!
</system-out></testcase></testsuite>